\BOOKMARK [1][-]{section*.3}{Introduction}{}% 1
\BOOKMARK [1][-]{section*.4}{The Concept of the game}{}% 2
\BOOKMARK [1][-]{section*.5}{Walkthrough}{}% 3
\BOOKMARK [2][-]{section*.6}{The Beaming Area}{section*.5}% 4
\BOOKMARK [2][-]{section*.7}{The Gaming Area}{section*.5}% 5
\BOOKMARK [1][-]{section*.8}{Design}{}% 6
\BOOKMARK [2][-]{section*.9}{Design Concept 1}{section*.8}% 7
\BOOKMARK [2][-]{section*.10}{Design Concept 2}{section*.8}% 8
\BOOKMARK [2][-]{section*.11}{Design Concept 3}{section*.8}% 9
\BOOKMARK [2][-]{section*.12}{Design Concept 4}{section*.8}% 10
\BOOKMARK [2][-]{section*.13}{References and Citations}{section*.8}% 11
\BOOKMARK [1][-]{section*.14}{Sections}{}% 12
\BOOKMARK [2][-]{section*.15}{Subsections}{section*.14}% 13
\BOOKMARK [3][-]{section*.16}{Sub-subsections}{section*.15}% 14
\BOOKMARK [1][-]{section*.17}{Figures/Captions}{}% 15
\BOOKMARK [1][-]{section*.18}{Language, Style and Content}{}% 16
\BOOKMARK [1][-]{section*.19}{Accessibility}{}% 17
\BOOKMARK [1][-]{section*.20}{Page Numbering, Headers and Footers}{}% 18
\BOOKMARK [1][-]{section*.21}{Producing and Testing PDF Files}{}% 19
\BOOKMARK [1][-]{section*.22}{Blind Review}{}% 20
\BOOKMARK [1][-]{section*.23}{Conclusion}{}% 21
\BOOKMARK [1][-]{section*.24}{Acknowledgments}{}% 22
\BOOKMARK [1][-]{section*.25}{References format}{}% 23
