\BOOKMARK [1][-]{section*.3}{Introduction}{}% 1
\BOOKMARK [1][-]{section*.4}{The Concept of the game}{}% 2
\BOOKMARK [1][-]{section*.5}{Walkthrough}{}% 3
\BOOKMARK [2][-]{section*.6}{The Beaming Area}{section*.5}% 4
\BOOKMARK [2][-]{section*.7}{The Gaming Area}{section*.5}% 5
\BOOKMARK [1][-]{section*.8}{Design}{}% 6
\BOOKMARK [2][-]{section*.9}{Design Concept 1}{section*.8}% 7
\BOOKMARK [2][-]{section*.10}{Design Concept 2}{section*.8}% 8
\BOOKMARK [2][-]{section*.11}{References and Citations}{section*.8}% 9
\BOOKMARK [1][-]{section*.12}{Sections}{}% 10
\BOOKMARK [2][-]{section*.13}{Subsections}{section*.12}% 11
\BOOKMARK [3][-]{section*.14}{Sub-subsections}{section*.13}% 12
\BOOKMARK [1][-]{section*.15}{Figures/Captions}{}% 13
\BOOKMARK [1][-]{section*.16}{Language, Style and Content}{}% 14
\BOOKMARK [1][-]{section*.17}{Accessibility}{}% 15
\BOOKMARK [1][-]{section*.18}{Page Numbering, Headers and Footers}{}% 16
\BOOKMARK [1][-]{section*.19}{Producing and Testing PDF Files}{}% 17
\BOOKMARK [1][-]{section*.20}{Blind Review}{}% 18
\BOOKMARK [1][-]{section*.21}{Conclusion}{}% 19
\BOOKMARK [1][-]{section*.22}{Acknowledgments}{}% 20
\BOOKMARK [1][-]{section*.23}{References format}{}% 21
\BOOKMARK [1][-]{section*.24}{REFERENCES }{}% 22
